[+] Angriff gestartet: Tue Jun 17 14:07:06 UTC 2025
[*] Nmap Scan
Starting Nmap 7.95 ( https://nmap.org ) at 2025-06-17 14:07 UTC
Nmap scan report for target (172.22.0.2)
Host is up (0.000014s latency).
rDNS record for 172.22.0.2: dvwa.redteam-lab_lab_net
All 1000 scanned ports on target (172.22.0.2) are in ignored states.
Not shown: 1000 closed tcp ports (reset)
MAC Address: 72:19:01:D3:04:B2 (Unknown)

Service detection performed. Please report any incorrect results at https://nmap.org/submit/ .
Nmap done: 1 IP address (1 host up) scanned in 0.75 seconds
[*] Dirb Scan

-----------------
DIRB v2.22    
By The Dark Raver
-----------------

START_TIME: Tue Jun 17 14:07:07 2025
URL_BASE: http://target/
WORDLIST_FILES: /usr/share/wordlists/dirb/common.txt

-----------------

*** Generating Wordlist...
(!) FATAL: Error opening wordlist file: /usr/share/wordlists/dirb/common.txt
[*] Nikto Webscan
- Nikto v2.5.0
---------------------------------------------------------------------------
---------------------------------------------------------------------------
+ 0 host(s) tested
[*] SQLmap Injection Test
        ___
       __H__
 ___ ___[(]_____ ___ ___  {1.9.4#stable}
|_ -| . [)]     | .'| . |
|___|_  [']_|_|_|__,|  _|
      |_|V...       |_|   https://sqlmap.org

[!] legal disclaimer: Usage of sqlmap for attacking targets without prior mutual consent is illegal. It is the end user's responsibility to obey all applicable local, state and federal laws. Developers assume no liability and are not responsible for any misuse or damage caused by this program

[*] starting @ 14:07:08 /2025-06-17/

[1/1] URL:
GET http://target/dvwa/vulnerabilities/sqli/?id=1&Submit=Submit
do you want to test this URL? [Y/n/q]
> Y
[14:07:08] [INFO] testing URL 'http://target/dvwa/vulnerabilities/sqli/?id=1&Submit=Submit'
[14:07:08] [INFO] using '/root/.local/share/sqlmap/output/results-06172025_0207pm.csv' as the CSV results file in multiple targets mode
[14:07:08] [INFO] testing connection to the target URL
[14:07:08] [CRITICAL] page not found (404)
[14:07:08] [WARNING] HTTP error codes detected during run:
404 (Not Found) - 1 times
[14:07:08] [INFO] you can find results of scanning in multiple targets mode inside the CSV file '/root/.local/share/sqlmap/output/results-06172025_0207pm.csv'

[*] ending @ 14:07:08 /2025-06-17/

[+] Angriff beendet: Tue Jun 17 14:07:08 UTC 2025
